This is pdfTeX, Version 3.1415926-2.5-1.40.14 (TeX Live 2013) (format=pdflatex 2013.5.30)  4 OCT 2016 08:09
entering extended mode
 \write18 enabled.
 file:line:error style messages enabled.
 %&-line parsing enabled.
**Chipod_Notes_FLEAT.tex
(./Chipod_Notes_FLEAT.tex
LaTeX2e <2011/06/27>
Babel <3.9f> and hyphenation patterns for 78 languages loaded.
(/usr/local/texlive/2013/texmf-dist/tex/latex/base/article.cls
Document Class: article 2007/10/19 v1.4h Standard LaTeX document class
(/usr/local/texlive/2013/texmf-dist/tex/latex/base/size11.clo
File: size11.clo 2007/10/19 v1.4h Standard LaTeX file (size option)
)
\c@part=\count79
\c@section=\count80
\c@subsection=\count81
\c@subsubsection=\count82
\c@paragraph=\count83
\c@subparagraph=\count84
\c@figure=\count85
\c@table=\count86
\abovecaptionskip=\skip41
\belowcaptionskip=\skip42
\bibindent=\dimen102
)
(/usr/local/texlive/2013/texmf-dist/tex/latex/geometry/geometry.sty
Package: geometry 2010/09/12 v5.6 Page Geometry

(/usr/local/texlive/2013/texmf-dist/tex/latex/graphics/keyval.sty
Package: keyval 1999/03/16 v1.13 key=value parser (DPC)
\KV@toks@=\toks14
)
(/usr/local/texlive/2013/texmf-dist/tex/generic/oberdiek/ifpdf.sty
Package: ifpdf 2011/01/30 v2.3 Provides the ifpdf switch (HO)
Package ifpdf Info: pdfTeX in PDF mode is detected.
)
(/usr/local/texlive/2013/texmf-dist/tex/generic/oberdiek/ifvtex.sty
Package: ifvtex 2010/03/01 v1.5 Detect VTeX and its facilities (HO)
Package ifvtex Info: VTeX not detected.
)
(/usr/local/texlive/2013/texmf-dist/tex/generic/ifxetex/ifxetex.sty
Package: ifxetex 2010/09/12 v0.6 Provides ifxetex conditional
)
\Gm@cnth=\count87
\Gm@cntv=\count88
\c@Gm@tempcnt=\count89
\Gm@bindingoffset=\dimen103
\Gm@wd@mp=\dimen104
\Gm@odd@mp=\dimen105
\Gm@even@mp=\dimen106
\Gm@layoutwidth=\dimen107
\Gm@layoutheight=\dimen108
\Gm@layouthoffset=\dimen109
\Gm@layoutvoffset=\dimen110
\Gm@dimlist=\toks15
)
(/usr/local/texlive/2013/texmf-dist/tex/latex/graphics/graphicx.sty
Package: graphicx 1999/02/16 v1.0f Enhanced LaTeX Graphics (DPC,SPQR)

(/usr/local/texlive/2013/texmf-dist/tex/latex/graphics/graphics.sty
Package: graphics 2009/02/05 v1.0o Standard LaTeX Graphics (DPC,SPQR)

(/usr/local/texlive/2013/texmf-dist/tex/latex/graphics/trig.sty
Package: trig 1999/03/16 v1.09 sin cos tan (DPC)
)
(/usr/local/texlive/2013/texmf-dist/tex/latex/latexconfig/graphics.cfg
File: graphics.cfg 2010/04/23 v1.9 graphics configuration of TeX Live
)
Package graphics Info: Driver file: pdftex.def on input line 91.

(/usr/local/texlive/2013/texmf-dist/tex/latex/pdftex-def/pdftex.def
File: pdftex.def 2011/05/27 v0.06d Graphics/color for pdfTeX

(/usr/local/texlive/2013/texmf-dist/tex/generic/oberdiek/infwarerr.sty
Package: infwarerr 2010/04/08 v1.3 Providing info/warning/error messages (HO)
)
(/usr/local/texlive/2013/texmf-dist/tex/generic/oberdiek/ltxcmds.sty
Package: ltxcmds 2011/11/09 v1.22 LaTeX kernel commands for general use (HO)
)
\Gread@gobject=\count90
))
\Gin@req@height=\dimen111
\Gin@req@width=\dimen112
)
(/usr/local/texlive/2013/texmf-dist/tex/latex/amsfonts/amssymb.sty
Package: amssymb 2013/01/14 v3.01 AMS font symbols

(/usr/local/texlive/2013/texmf-dist/tex/latex/amsfonts/amsfonts.sty
Package: amsfonts 2013/01/14 v3.01 Basic AMSFonts support
\@emptytoks=\toks16
\symAMSa=\mathgroup4
\symAMSb=\mathgroup5
LaTeX Font Info:    Overwriting math alphabet `\mathfrak' in version `bold'
(Font)                  U/euf/m/n --> U/euf/b/n on input line 106.
))
(/usr/local/texlive/2013/texmf-dist/tex/latex/amsmath/amsmath.sty
Package: amsmath 2013/01/14 v2.14 AMS math features
\@mathmargin=\skip43

For additional information on amsmath, use the `?' option.
(/usr/local/texlive/2013/texmf-dist/tex/latex/amsmath/amstext.sty
Package: amstext 2000/06/29 v2.01

(/usr/local/texlive/2013/texmf-dist/tex/latex/amsmath/amsgen.sty
File: amsgen.sty 1999/11/30 v2.0
\@emptytoks=\toks17
\ex@=\dimen113
))
(/usr/local/texlive/2013/texmf-dist/tex/latex/amsmath/amsbsy.sty
Package: amsbsy 1999/11/29 v1.2d
\pmbraise@=\dimen114
)
(/usr/local/texlive/2013/texmf-dist/tex/latex/amsmath/amsopn.sty
Package: amsopn 1999/12/14 v2.01 operator names
)
\inf@bad=\count91
LaTeX Info: Redefining \frac on input line 210.
\uproot@=\count92
\leftroot@=\count93
LaTeX Info: Redefining \overline on input line 306.
\classnum@=\count94
\DOTSCASE@=\count95
LaTeX Info: Redefining \ldots on input line 378.
LaTeX Info: Redefining \dots on input line 381.
LaTeX Info: Redefining \cdots on input line 466.
\Mathstrutbox@=\box26
\strutbox@=\box27
\big@size=\dimen115
LaTeX Font Info:    Redeclaring font encoding OML on input line 566.
LaTeX Font Info:    Redeclaring font encoding OMS on input line 567.
\macc@depth=\count96
\c@MaxMatrixCols=\count97
\dotsspace@=\muskip10
\c@parentequation=\count98
\dspbrk@lvl=\count99
\tag@help=\toks18
\row@=\count100
\column@=\count101
\maxfields@=\count102
\andhelp@=\toks19
\eqnshift@=\dimen116
\alignsep@=\dimen117
\tagshift@=\dimen118
\tagwidth@=\dimen119
\totwidth@=\dimen120
\lineht@=\dimen121
\@envbody=\toks20
\multlinegap=\skip44
\multlinetaggap=\skip45
\mathdisplay@stack=\toks21
LaTeX Info: Redefining \[ on input line 2665.
LaTeX Info: Redefining \] on input line 2666.
)
(/usr/local/texlive/2013/texmf-dist/tex/latex/oberdiek/epstopdf.sty
Package: epstopdf 2010/02/09 v2.5 Conversion with epstopdf on the fly (HO)

(/usr/local/texlive/2013/texmf-dist/tex/latex/oberdiek/epstopdf-base.sty
Package: epstopdf-base 2010/02/09 v2.5 Base part for package epstopdf

(/usr/local/texlive/2013/texmf-dist/tex/latex/oberdiek/grfext.sty
Package: grfext 2010/08/19 v1.1 Manage graphics extensions (HO)

(/usr/local/texlive/2013/texmf-dist/tex/generic/oberdiek/kvdefinekeys.sty
Package: kvdefinekeys 2011/04/07 v1.3 Define keys (HO)
))
(/usr/local/texlive/2013/texmf-dist/tex/latex/oberdiek/kvoptions.sty
Package: kvoptions 2011/06/30 v3.11 Key value format for package options (HO)

(/usr/local/texlive/2013/texmf-dist/tex/generic/oberdiek/kvsetkeys.sty
Package: kvsetkeys 2012/04/25 v1.16 Key value parser (HO)

(/usr/local/texlive/2013/texmf-dist/tex/generic/oberdiek/etexcmds.sty
Package: etexcmds 2011/02/16 v1.5 Avoid name clashes with e-TeX commands (HO)

(/usr/local/texlive/2013/texmf-dist/tex/generic/oberdiek/ifluatex.sty
Package: ifluatex 2010/03/01 v1.3 Provides the ifluatex switch (HO)
Package ifluatex Info: LuaTeX not detected.
)
Package etexcmds Info: Could not find \expanded.
(etexcmds)             That can mean that you are not using pdfTeX 1.50 or
(etexcmds)             that some package has redefined \expanded.
(etexcmds)             In the latter case, load this package earlier.
)))
(/usr/local/texlive/2013/texmf-dist/tex/generic/oberdiek/pdftexcmds.sty
Package: pdftexcmds 2011/11/29 v0.20 Utility functions of pdfTeX for LuaTeX (HO
)
Package pdftexcmds Info: LuaTeX not detected.
Package pdftexcmds Info: \pdf@primitive is available.
Package pdftexcmds Info: \pdf@ifprimitive is available.
Package pdftexcmds Info: \pdfdraftmode found.
)
Package grfext Info: Graphics extension search list:
(grfext)             [.png,.pdf,.jpg,.mps,.jpeg,.jbig2,.jb2,.PNG,.PDF,.JPG,.JPE
G,.JBIG2,.JB2,.eps]
(grfext)             \AppendGraphicsExtensions on input line 452.

(/usr/local/texlive/2013/texmf-dist/tex/latex/latexconfig/epstopdf-sys.cfg
File: epstopdf-sys.cfg 2010/07/13 v1.3 Configuration of (r)epstopdf for TeX Liv
e
)))
(/usr/local/texlive/2013/texmf-dist/tex/latex/hyperref/hyperref.sty
Package: hyperref 2012/11/06 v6.83m Hypertext links for LaTeX

(/usr/local/texlive/2013/texmf-dist/tex/generic/oberdiek/hobsub-hyperref.sty
Package: hobsub-hyperref 2012/05/28 v1.13 Bundle oberdiek, subset hyperref (HO)


(/usr/local/texlive/2013/texmf-dist/tex/generic/oberdiek/hobsub-generic.sty
Package: hobsub-generic 2012/05/28 v1.13 Bundle oberdiek, subset generic (HO)
Package: hobsub 2012/05/28 v1.13 Construct package bundles (HO)
Package hobsub Info: Skipping package `infwarerr' (already loaded).
Package hobsub Info: Skipping package `ltxcmds' (already loaded).
Package hobsub Info: Skipping package `ifluatex' (already loaded).
Package hobsub Info: Skipping package `ifvtex' (already loaded).
Package: intcalc 2007/09/27 v1.1 Expandable calculations with integers (HO)
Package hobsub Info: Skipping package `ifpdf' (already loaded).
Package hobsub Info: Skipping package `etexcmds' (already loaded).
Package hobsub Info: Skipping package `kvsetkeys' (already loaded).
Package hobsub Info: Skipping package `kvdefinekeys' (already loaded).
Package hobsub Info: Skipping package `pdftexcmds' (already loaded).
Package: pdfescape 2011/11/25 v1.13 Implements pdfTeX's escape features (HO)
Package: bigintcalc 2012/04/08 v1.3 Expandable calculations on big integers (HO
)
Package: bitset 2011/01/30 v1.1 Handle bit-vector datatype (HO)
Package: uniquecounter 2011/01/30 v1.2 Provide unlimited unique counter (HO)
)
Package hobsub Info: Skipping package `hobsub' (already loaded).
Package: letltxmacro 2010/09/02 v1.4 Let assignment for LaTeX macros (HO)
Package: hopatch 2012/05/28 v1.2 Wrapper for package hooks (HO)
Package: xcolor-patch 2011/01/30 xcolor patch
Package: atveryend 2011/06/30 v1.8 Hooks at the very end of document (HO)
Package atveryend Info: \enddocument detected (standard20110627).
Package: atbegshi 2011/10/05 v1.16 At begin shipout hook (HO)
Package: refcount 2011/10/16 v3.4 Data extraction from label references (HO)
Package: hycolor 2011/01/30 v1.7 Color options for hyperref/bookmark (HO)
)
(/usr/local/texlive/2013/texmf-dist/tex/latex/oberdiek/auxhook.sty
Package: auxhook 2011/03/04 v1.3 Hooks for auxiliary files (HO)
)
\@linkdim=\dimen122
\Hy@linkcounter=\count103
\Hy@pagecounter=\count104

(/usr/local/texlive/2013/texmf-dist/tex/latex/hyperref/pd1enc.def
File: pd1enc.def 2012/11/06 v6.83m Hyperref: PDFDocEncoding definition (HO)
)
\Hy@SavedSpaceFactor=\count105

(/usr/local/texlive/2013/texmf-dist/tex/latex/latexconfig/hyperref.cfg
File: hyperref.cfg 2002/06/06 v1.2 hyperref configuration of TeXLive
)
Package hyperref Info: Hyper figures OFF on input line 4443.
Package hyperref Info: Link nesting OFF on input line 4448.
Package hyperref Info: Hyper index ON on input line 4451.
Package hyperref Info: Plain pages OFF on input line 4458.
Package hyperref Info: Backreferencing OFF on input line 4463.
Package hyperref Info: Implicit mode ON; LaTeX internals redefined.
Package hyperref Info: Bookmarks ON on input line 4688.
\c@Hy@tempcnt=\count106

(/usr/local/texlive/2013/texmf-dist/tex/latex/url/url.sty
\Urlmuskip=\muskip11
Package: url 2006/04/12  ver 3.3  Verb mode for urls, etc.
)
LaTeX Info: Redefining \url on input line 5041.
\XeTeXLinkMargin=\dimen123
\Fld@menulength=\count107
\Field@Width=\dimen124
\Fld@charsize=\dimen125
Package hyperref Info: Hyper figures OFF on input line 6295.
Package hyperref Info: Link nesting OFF on input line 6300.
Package hyperref Info: Hyper index ON on input line 6303.
Package hyperref Info: backreferencing OFF on input line 6310.
Package hyperref Info: Link coloring OFF on input line 6315.
Package hyperref Info: Link coloring with OCG OFF on input line 6320.
Package hyperref Info: PDF/A mode OFF on input line 6325.
LaTeX Info: Redefining \ref on input line 6365.
LaTeX Info: Redefining \pageref on input line 6369.
\Hy@abspage=\count108
\c@Item=\count109
\c@Hfootnote=\count110
)

Package hyperref Message: Driver (autodetected): hpdftex.

(/usr/local/texlive/2013/texmf-dist/tex/latex/hyperref/hpdftex.def
File: hpdftex.def 2012/11/06 v6.83m Hyperref driver for pdfTeX
\Fld@listcount=\count111
\c@bookmark@seq@number=\count112

(/usr/local/texlive/2013/texmf-dist/tex/latex/oberdiek/rerunfilecheck.sty
Package: rerunfilecheck 2011/04/15 v1.7 Rerun checks for auxiliary files (HO)
Package uniquecounter Info: New unique counter `rerunfilecheck' on input line 2
82.
)
\Hy@SectionHShift=\skip46
)
(/usr/local/texlive/2013/texmf-dist/tex/latex/natbib/natbib.sty
Package: natbib 2010/09/13 8.31b (PWD, AO)
\bibhang=\skip47
\bibsep=\skip48
LaTeX Info: Redefining \cite on input line 694.
\c@NAT@ctr=\count113
)
(./Chipod_Notes_FLEAT.aux

LaTeX Warning: Label `' multiply defined.


LaTeX Warning: Label `' multiply defined.


LaTeX Warning: Label `' multiply defined.


LaTeX Warning: Label `' multiply defined.


LaTeX Warning: Label `' multiply defined.

)
\openout1 = `Chipod_Notes_FLEAT.aux'.

LaTeX Font Info:    Checking defaults for OML/cmm/m/it on input line 20.
LaTeX Font Info:    ... okay on input line 20.
LaTeX Font Info:    Checking defaults for T1/cmr/m/n on input line 20.
LaTeX Font Info:    ... okay on input line 20.
LaTeX Font Info:    Checking defaults for OT1/cmr/m/n on input line 20.
LaTeX Font Info:    ... okay on input line 20.
LaTeX Font Info:    Checking defaults for OMS/cmsy/m/n on input line 20.
LaTeX Font Info:    ... okay on input line 20.
LaTeX Font Info:    Checking defaults for OMX/cmex/m/n on input line 20.
LaTeX Font Info:    ... okay on input line 20.
LaTeX Font Info:    Checking defaults for U/cmr/m/n on input line 20.
LaTeX Font Info:    ... okay on input line 20.
LaTeX Font Info:    Checking defaults for PD1/pdf/m/n on input line 20.
LaTeX Font Info:    ... okay on input line 20.

*geometry* driver: auto-detecting
*geometry* detected driver: pdftex
*geometry* verbose mode - [ preamble ] result:
* driver: pdftex
* paper: letterpaper
* layout: <same size as paper>
* layoutoffset:(h,v)=(0.0pt,0.0pt)
* modes: 
* h-part:(L,W,R)=(92.14519pt, 430.00462pt, 92.14519pt)
* v-part:(T,H,B)=(95.39737pt, 556.47656pt, 143.09605pt)
* \paperwidth=614.295pt
* \paperheight=794.96999pt
* \textwidth=430.00462pt
* \textheight=556.47656pt
* \oddsidemargin=19.8752pt
* \evensidemargin=19.8752pt
* \topmargin=-13.87262pt
* \headheight=12.0pt
* \headsep=25.0pt
* \topskip=11.0pt
* \footskip=30.0pt
* \marginparwidth=59.0pt
* \marginparsep=10.0pt
* \columnsep=10.0pt
* \skip\footins=10.0pt plus 4.0pt minus 2.0pt
* \hoffset=0.0pt
* \voffset=0.0pt
* \mag=1000
* \@twocolumnfalse
* \@twosidefalse
* \@mparswitchfalse
* \@reversemarginfalse
* (1in=72.27pt=25.4mm, 1cm=28.453pt)

(/usr/local/texlive/2013/texmf-dist/tex/context/base/supp-pdf.mkii
[Loading MPS to PDF converter (version 2006.09.02).]
\scratchcounter=\count114
\scratchdimen=\dimen126
\scratchbox=\box28
\nofMPsegments=\count115
\nofMParguments=\count116
\everyMPshowfont=\toks22
\MPscratchCnt=\count117
\MPscratchDim=\dimen127
\MPnumerator=\count118
\makeMPintoPDFobject=\count119
\everyMPtoPDFconversion=\toks23
)
\AtBeginShipoutBox=\box29
Package hyperref Info: Link coloring OFF on input line 20.
 (/usr/local/texlive/2013/texmf-dist/tex/latex/hyperref/nameref.sty
Package: nameref 2012/10/27 v2.43 Cross-referencing by name of section

(/usr/local/texlive/2013/texmf-dist/tex/generic/oberdiek/gettitlestring.sty
Package: gettitlestring 2010/12/03 v1.4 Cleanup title references (HO)
)
\c@section@level=\count120
)
LaTeX Info: Redefining \ref on input line 20.
LaTeX Info: Redefining \pageref on input line 20.
LaTeX Info: Redefining \nameref on input line 20.

(./Chipod_Notes_FLEAT.out) (./Chipod_Notes_FLEAT.out)
\@outlinefile=\write3
\openout3 = `Chipod_Notes_FLEAT.out'.

LaTeX Font Info:    Try loading font information for U+msa on input line 22.

(/usr/local/texlive/2013/texmf-dist/tex/latex/amsfonts/umsa.fd
File: umsa.fd 2013/01/14 v3.01 AMS symbols A
)
LaTeX Font Info:    Try loading font information for U+msb on input line 22.

(/usr/local/texlive/2013/texmf-dist/tex/latex/amsfonts/umsb.fd
File: umsb.fd 2013/01/14 v3.01 AMS symbols B
)
(./Chipod_Notes_FLEAT.toc)
\tf@toc=\write4
\openout4 = `Chipod_Notes_FLEAT.toc'.

 [1

{/usr/local/texlive/2013/texmf-var/fonts/map/pdftex/updmap/pdftex.map}]

LaTeX Warning: File `FLEAT_kml_map.jpg' not found on input line 30.


./Chipod_Notes_FLEAT.tex:30: Package pdftex.def Error: File `FLEAT_kml_map.jpg'
 not found.

See the pdftex.def package documentation for explanation.
Type  H <return>  for immediate help.
 ...                                              
                                                  
l.30 ...udegraphics[width=38pc]{FLEAT_kml_map.jpg}
                                                  
? s
OK, entering \scrollmode...

Overfull \hbox (25.99538pt too wide) in paragraph at lines 30--31
[][] 
 []

./Chipod_Notes_FLEAT.tex:39: Text line contains an invalid character.
l.39 \item 
            erb+Load_chipod_paths_FLEAT.m+
A funny symbol that I can't read has just been input.
Continue, and I'll forget that it ever happened.

LaTeX Font Info:    Try loading font information for OMS+cmr on input line 39.
(/usr/local/texlive/2013/texmf-dist/tex/latex/base/omscmr.fd
File: omscmr.fd 1999/05/25 v2.5h Standard LaTeX font definitions
)
LaTeX Font Info:    Font shape `OMS/cmr/m/n' in size <10.95> not available
(Font)              Font shape `OMS/cmsy/m/n' tried instead on input line 39.

./Chipod_Notes_FLEAT.tex:39: Missing $ inserted.
<inserted text> 
                $
l.39 \item erb+Load_
                     chipod_paths_FLEAT.m+
I've inserted a begin-math/end-math symbol since I think
you left one out. Proceed, with fingers crossed.


./Chipod_Notes_FLEAT.tex:40: LaTeX Error: Command \end{itemize} invalid in math
 mode.

See the LaTeX manual or LaTeX Companion for explanation.
Type  H <return>  for immediate help.
 ...                                              
                                                  
l.40 \end{itemize}
                  
Try typing  <return>  to proceed.
If that doesn't work, type  X <return>  to quit.


./Chipod_Notes_FLEAT.tex:40: LaTeX Error: Something's wrong--perhaps a missing 
\item.

See the LaTeX manual or LaTeX Companion for explanation.
Type  H <return>  for immediate help.
 ...                                              
                                                  
l.40 \end{itemize}
                  
Try typing  <return>  to proceed.
If that doesn't work, type  X <return>  to quit.


./Chipod_Notes_FLEAT.tex:40: LaTeX Error: Something's wrong--perhaps a missing 
\item.

See the LaTeX manual or LaTeX Companion for explanation.
Type  H <return>  for immediate help.
 ...                                              
                                                  
l.40 \end{itemize}
                  
Try typing  <return>  to proceed.
If that doesn't work, type  X <return>  to quit.

./Chipod_Notes_FLEAT.tex:40: Missing $ inserted.
<inserted text> 
                $
l.40 \end{itemize}
                  
I've inserted something that you may have forgotten.
(See the <inserted text> above.)
With luck, this will get me unwedged. But if you
really didn't forget anything, try typing `2' now; then
my insertion and my current dilemma will both disappear.

./Chipod_Notes_FLEAT.tex:44: Text line contains an invalid character.
l.44 \item 
            erb+Chipod_Deploy_Info_FLEAT+
A funny symbol that I can't read has just been input.
Continue, and I'll forget that it ever happened.

./Chipod_Notes_FLEAT.tex:44: Missing $ inserted.
<inserted text> 
                $
l.44 \item erb+Chipod_
                       Deploy_Info_FLEAT+
I've inserted a begin-math/end-math symbol since I think
you left one out. Proceed, with fingers crossed.


./Chipod_Notes_FLEAT.tex:45: LaTeX Error: Command \end{itemize} invalid in math
 mode.

See the LaTeX manual or LaTeX Companion for explanation.
Type  H <return>  for immediate help.
 ...                                              
                                                  
l.45 \end{itemize}
                  
Try typing  <return>  to proceed.
If that doesn't work, type  X <return>  to quit.


./Chipod_Notes_FLEAT.tex:45: LaTeX Error: Something's wrong--perhaps a missing 
\item.

See the LaTeX manual or LaTeX Companion for explanation.
Type  H <return>  for immediate help.
 ...                                              
                                                  
l.45 \end{itemize}
                  
Try typing  <return>  to proceed.
If that doesn't work, type  X <return>  to quit.


./Chipod_Notes_FLEAT.tex:45: LaTeX Error: Something's wrong--perhaps a missing 
\item.

See the LaTeX manual or LaTeX Companion for explanation.
Type  H <return>  for immediate help.
 ...                                              
                                                  
l.45 \end{itemize}
                  
Try typing  <return>  to proceed.
If that doesn't work, type  X <return>  to quit.

./Chipod_Notes_FLEAT.tex:45: Missing $ inserted.
<inserted text> 
                $
l.45 \end{itemize}
                  
I've inserted something that you may have forgotten.
(See the <inserted text> above.)
With luck, this will get me unwedged. But if you
really didn't forget anything, try typing `2' now; then
my insertion and my current dilemma will both disappear.

./Chipod_Notes_FLEAT.tex:51: Text line contains an invalid character.
l.51 \item 
            erb+Process_CTD_hex_FLEAT.m+
A funny symbol that I can't read has just been input.
Continue, and I'll forget that it ever happened.

./Chipod_Notes_FLEAT.tex:51: Missing $ inserted.
<inserted text> 
                $
l.51 \item erb+Process_
                        CTD_hex_FLEAT.m+
I've inserted a begin-math/end-math symbol since I think
you left one out. Proceed, with fingers crossed.


./Chipod_Notes_FLEAT.tex:52: LaTeX Error: Command \end{itemize} invalid in math
 mode.

See the LaTeX manual or LaTeX Companion for explanation.
Type  H <return>  for immediate help.
 ...                                              
                                                  
l.52 \end{itemize}
                  
Try typing  <return>  to proceed.
If that doesn't work, type  X <return>  to quit.


./Chipod_Notes_FLEAT.tex:52: LaTeX Error: Something's wrong--perhaps a missing 
\item.

See the LaTeX manual or LaTeX Companion for explanation.
Type  H <return>  for immediate help.
 ...                                              
                                                  
l.52 \end{itemize}
                  
Try typing  <return>  to proceed.
If that doesn't work, type  X <return>  to quit.


./Chipod_Notes_FLEAT.tex:52: LaTeX Error: Something's wrong--perhaps a missing 
\item.

See the LaTeX manual or LaTeX Companion for explanation.
Type  H <return>  for immediate help.
 ...                                              
                                                  
l.52 \end{itemize}
                  
Try typing  <return>  to proceed.
If that doesn't work, type  X <return>  to quit.

./Chipod_Notes_FLEAT.tex:52: Missing $ inserted.
<inserted text> 
                $
l.52 \end{itemize}
                  
I've inserted something that you may have forgotten.
(See the <inserted text> above.)
With luck, this will get me unwedged. But if you
really didn't forget anything, try typing `2' now; then
my insertion and my current dilemma will both disappear.

./Chipod_Notes_FLEAT.tex:66: Text line contains an invalid character.
l.66 \item 
            erb+PlotChipodDataRaw_FLEAT.m+
A funny symbol that I can't read has just been input.
Continue, and I'll forget that it ever happened.

./Chipod_Notes_FLEAT.tex:66: Missing $ inserted.
<inserted text> 
                $
l.66 \item erb+PlotChipodDataRaw_
                                  FLEAT.m+
I've inserted a begin-math/end-math symbol since I think
you left one out. Proceed, with fingers crossed.


./Chipod_Notes_FLEAT.tex:67: LaTeX Error: Command \end{itemize} invalid in math
 mode.

See the LaTeX manual or LaTeX Companion for explanation.
Type  H <return>  for immediate help.
 ...                                              
                                                  
l.67 \end{itemize}
                  
Try typing  <return>  to proceed.
If that doesn't work, type  X <return>  to quit.


./Chipod_Notes_FLEAT.tex:67: LaTeX Error: Something's wrong--perhaps a missing 
\item.

See the LaTeX manual or LaTeX Companion for explanation.
Type  H <return>  for immediate help.
 ...                                              
                                                  
l.67 \end{itemize}
                  
Try typing  <return>  to proceed.
If that doesn't work, type  X <return>  to quit.


./Chipod_Notes_FLEAT.tex:67: LaTeX Error: Something's wrong--perhaps a missing 
\item.

See the LaTeX manual or LaTeX Companion for explanation.
Type  H <return>  for immediate help.
 ...                                              
                                                  
l.67 \end{itemize}
                  
Try typing  <return>  to proceed.
If that doesn't work, type  X <return>  to quit.

./Chipod_Notes_FLEAT.tex:67: Missing $ inserted.
<inserted text> 
                $
l.67 \end{itemize}
                  
I've inserted something that you may have forgotten.
(See the <inserted text> above.)
With luck, this will get me unwedged. But if you
really didn't forget anything, try typing `2' now; then
my insertion and my current dilemma will both disappear.

./Chipod_Notes_FLEAT.tex:68: Text line contains an invalid character.
l.68 ...he instruments; these plots are saved in 
                                                  erb+/Figures/chipodraw/+.
A funny symbol that I can't read has just been input.
Continue, and I'll forget that it ever happened.

./Chipod_Notes_FLEAT.tex:74: Text line contains an invalid character.
l.74 ... (based on above raw plots) are noted in 
                                                  erb+bad_file_list_XXXX.m+ ...
A funny symbol that I can't read has just been input.
Continue, and I'll forget that it ever happened.

./Chipod_Notes_FLEAT.tex:74: Missing $ inserted.
<inserted text> 
                $
l.74 ...on above raw plots) are noted in erb+bad_
                                                  file_list_XXXX.m+ and, whi...
I've inserted a begin-math/end-math symbol since I think
you left one out. Proceed, with fingers crossed.

./Chipod_Notes_FLEAT.tex:75: Missing $ inserted.
<inserted text> 
                $
l.75 
     
I've inserted a begin-math/end-math symbol since I think
you left one out. Proceed, with fingers crossed.


Overfull \hbox (1.30449pt too wide) in paragraph at lines 74--75
\OT1/cmr/m/n/10.95 erb+bad$[]\OML/cmm/m/it/10.95 ile[]ist[]XXX:m \OT1/cmr/m/n/1
0.95 + \OML/cmm/m/it/10.95 and; whichwillpreventthemfrombeingloadedintheprocess
ing:$ 
 []

./Chipod_Notes_FLEAT.tex:78: Text line contains an invalid character.
l.78 \item 
            erb+MakeCasts_CTDchipod_FLEAT.m+
A funny symbol that I can't read has just been input.
Continue, and I'll forget that it ever happened.

./Chipod_Notes_FLEAT.tex:78: Missing $ inserted.
<inserted text> 
                $
l.78 \item erb+MakeCasts_
                          CTDchipod_FLEAT.m+
I've inserted a begin-math/end-math symbol since I think
you left one out. Proceed, with fingers crossed.


./Chipod_Notes_FLEAT.tex:79: LaTeX Error: Command \item invalid in math mode.

See the LaTeX manual or LaTeX Companion for explanation.
Type  H <return>  for immediate help.
 ...                                              
                                                  
l.79 \item
           erb+DoChiCalc_FLEAT.m+
Try typing  <return>  to proceed.
If that doesn't work, type  X <return>  to quit.

./Chipod_Notes_FLEAT.tex:79: Text line contains an invalid character.
l.79 \item 
            erb+DoChiCalc_FLEAT.m+
A funny symbol that I can't read has just been input.
Continue, and I'll forget that it ever happened.


./Chipod_Notes_FLEAT.tex:79: LaTeX Error: Something's wrong--perhaps a missing 
\item.

See the LaTeX manual or LaTeX Companion for explanation.
Type  H <return>  for immediate help.
 ...                                              
                                                  
l.79 \item e
             rb+DoChiCalc_FLEAT.m+
Try typing  <return>  to proceed.
If that doesn't work, type  X <return>  to quit.


./Chipod_Notes_FLEAT.tex:79: LaTeX Error: Something's wrong--perhaps a missing 
\item.

See the LaTeX manual or LaTeX Companion for explanation.
Type  H <return>  for immediate help.
 ...                                              
                                                  
l.79 \item e
             rb+DoChiCalc_FLEAT.m+
Try typing  <return>  to proceed.
If that doesn't work, type  X <return>  to quit.


./Chipod_Notes_FLEAT.tex:80: LaTeX Error: Command \end{itemize} invalid in math
 mode.

See the LaTeX manual or LaTeX Companion for explanation.
Type  H <return>  for immediate help.
 ...                                              
                                                  
l.80 \end{itemize}
                  
Try typing  <return>  to proceed.
If that doesn't work, type  X <return>  to quit.


./Chipod_Notes_FLEAT.tex:80: LaTeX Error: Something's wrong--perhaps a missing 
\item.

See the LaTeX manual or LaTeX Companion for explanation.
Type  H <return>  for immediate help.
 ...                                              
                                                  
l.80 \end{itemize}
                  
Try typing  <return>  to proceed.
If that doesn't work, type  X <return>  to quit.


./Chipod_Notes_FLEAT.tex:80: LaTeX Error: Something's wrong--perhaps a missing 
\item.

See the LaTeX manual or LaTeX Companion for explanation.
Type  H <return>  for immediate help.
 ...                                              
                                                  
l.80 \end{itemize}
                  
Try typing  <return>  to proceed.
If that doesn't work, type  X <return>  to quit.

./Chipod_Notes_FLEAT.tex:80: Missing $ inserted.
<inserted text> 
                $
l.80 \end{itemize}
                  
I've inserted something that you may have forgotten.
(See the <inserted text> above.)
With luck, this will get me unwedged. But if you
really didn't forget anything, try typing `2' now; then
my insertion and my current dilemma will both disappear.

./Chipod_Notes_FLEAT.tex:85: Text line contains an invalid character.
l.85 ... are combined into a single structure w/ 
                                                  erb+MakeCombinedStruct_FLE...
A funny symbol that I can't read has just been input.
Continue, and I'll forget that it ever happened.

./Chipod_Notes_FLEAT.tex:85: Missing $ inserted.
<inserted text> 
                $
l.85 ...ngle structure w/ erb+MakeCombinedStruct_
                                                  FLEAT.m+
I've inserted a begin-math/end-math symbol since I think
you left one out. Proceed, with fingers crossed.


./Chipod_Notes_FLEAT.tex:86: LaTeX Error: Command \item invalid in math mode.

See the LaTeX manual or LaTeX Companion for explanation.
Type  H <return>  for immediate help.
 ...                                              
                                                  
l.86 \item
          
Try typing  <return>  to proceed.
If that doesn't work, type  X <return>  to quit.


./Chipod_Notes_FLEAT.tex:87: LaTeX Error: Something's wrong--perhaps a missing 
\item.

See the LaTeX manual or LaTeX Companion for explanation.
Type  H <return>  for immediate help.
 ...                                              
                                                  
l.87 \end
         {itemize}
Try typing  <return>  to proceed.
If that doesn't work, type  X <return>  to quit.


./Chipod_Notes_FLEAT.tex:87: LaTeX Error: Something's wrong--perhaps a missing 
\item.

See the LaTeX manual or LaTeX Companion for explanation.
Type  H <return>  for immediate help.
 ...                                              
                                                  
l.87 \end
         {itemize}
Try typing  <return>  to proceed.
If that doesn't work, type  X <return>  to quit.


./Chipod_Notes_FLEAT.tex:87: LaTeX Error: Command \end{itemize} invalid in math
 mode.

See the LaTeX manual or LaTeX Companion for explanation.
Type  H <return>  for immediate help.
 ...                                              
                                                  
l.87 \end{itemize}
                  
Try typing  <return>  to proceed.
If that doesn't work, type  X <return>  to quit.


./Chipod_Notes_FLEAT.tex:87: LaTeX Error: Something's wrong--perhaps a missing 
\item.

See the LaTeX manual or LaTeX Companion for explanation.
Type  H <return>  for immediate help.
 ...                                              
                                                  
l.87 \end{itemize}
                  
Try typing  <return>  to proceed.
If that doesn't work, type  X <return>  to quit.


./Chipod_Notes_FLEAT.tex:87: LaTeX Error: Something's wrong--perhaps a missing 
\item.

See the LaTeX manual or LaTeX Companion for explanation.
Type  H <return>  for immediate help.
 ...                                              
                                                  
l.87 \end{itemize}
                  
Try typing  <return>  to proceed.
If that doesn't work, type  X <return>  to quit.

./Chipod_Notes_FLEAT.tex:87: Missing $ inserted.
<inserted text> 
                $
l.87 \end{itemize}
                  
I've inserted something that you may have forgotten.
(See the <inserted text> above.)
With luck, this will get me unwedged. But if you
really didn't forget anything, try typing `2' now; then
my insertion and my current dilemma will both disappear.


Overfull \hbox (32.60492pt too wide) in paragraph at lines 85--88
[]\OT1/cmr/m/n/10.95 Data from all casts are com-bined into a sin-gle struc-tur
e w/ erb+MakeCombinedStruct$[]\OML/cmm/m/it/10.95 LEAT:m\OT1/cmr/m/n/10.95 +$ 
 []

[2] [3]

./Chipod_Notes_FLEAT.tex:95: LaTeX Error: Command \item invalid in math mode.

See the LaTeX manual or LaTeX Companion for explanation.
Type  H <return>  for immediate help.
 ...                                              
                                                  
l.95 ef{chidepinfo} gives the info for $\item
                                              Table
Try typing  <return>  to proceed.
If that doesn't work, type  X <return>  to quit.


./Chipod_Notes_FLEAT.tex:95: LaTeX Error: Something's wrong--perhaps a missing 
\item.

See the LaTeX manual or LaTeX Companion for explanation.
Type  H <return>  for immediate help.
 ...                                              
                                                  
l.95 ef{chidepinfo} gives the info for $\item T
                                               able
Try typing  <return>  to proceed.
If that doesn't work, type  X <return>  to quit.


./Chipod_Notes_FLEAT.tex:95: LaTeX Error: Something's wrong--perhaps a missing 
\item.

See the LaTeX manual or LaTeX Companion for explanation.
Type  H <return>  for immediate help.
 ...                                              
                                                  
l.95 ef{chidepinfo} gives the info for $\item T
                                               able
Try typing  <return>  to proceed.
If that doesn't work, type  X <return>  to quit.


./Chipod_Notes_FLEAT.tex:97: LaTeX Error: Command \end{itemize} invalid in math
 mode.

See the LaTeX manual or LaTeX Companion for explanation.
Type  H <return>  for immediate help.
 ...                                              
                                                  
l.97 \end{itemize}
                  
Try typing  <return>  to proceed.
If that doesn't work, type  X <return>  to quit.


./Chipod_Notes_FLEAT.tex:97: LaTeX Error: Something's wrong--perhaps a missing 
\item.

See the LaTeX manual or LaTeX Companion for explanation.
Type  H <return>  for immediate help.
 ...                                              
                                                  
l.97 \end{itemize}
                  
Try typing  <return>  to proceed.
If that doesn't work, type  X <return>  to quit.


./Chipod_Notes_FLEAT.tex:97: LaTeX Error: Something's wrong--perhaps a missing 
\item.

See the LaTeX manual or LaTeX Companion for explanation.
Type  H <return>  for immediate help.
 ...                                              
                                                  
l.97 \end{itemize}
                  
Try typing  <return>  to proceed.
If that doesn't work, type  X <return>  to quit.

./Chipod_Notes_FLEAT.tex:97: Missing $ inserted.
<inserted text> 
                $
l.97 \end{itemize}
                  
I've inserted something that you may have forgotten.
(See the <inserted text> above.)
With luck, this will get me unwedged. But if you
really didn't forget anything, try typing `2' now; then
my insertion and my current dilemma will both disappear.


Overfull \hbox (62.79974pt too wide) in paragraph at lines 94--98
[]\OT1/cmr/m/n/10.95 Table efchide-pinfo gives the info for $\OML/cmm/m/it/10.9
5 Tableef[]givesasummaryoftheprocessingfromMakeCasts:$ 
 []


Package hyperref Warning: Difference (2) between bookmark levels is greater 
(hyperref)                than one, level fixed on input line 105.


</Users/Andy/Cruises_Research/OceanMixingGroup/cruises/ctd_chipod/FLEAT/Figures
/FLEAT_timeoffsets_all.png, id=89, 505.89pt x 614.295pt>
File: /Users/Andy/Cruises_Research/OceanMixingGroup/cruises/ctd_chipod/FLEAT/Fi
gures/FLEAT_timeoffsets_all.png Graphic file (type png)

<use /Users/Andy/Cruises_Research/OceanMixingGroup/cruises/ctd_chipod/FLEAT/Fig
ures/FLEAT_timeoffsets_all.png>
Package pdftex.def Info: /Users/Andy/Cruises_Research/OceanMixingGroup/cruises/
ctd_chipod/FLEAT/Figures/FLEAT_timeoffsets_all.png used on input line 109.
(pdftex.def)             Requested size: 505.88875pt x 614.29349pt.

Overfull \hbox (75.88412pt too wide) in paragraph at lines 109--110
[][] 
 []


LaTeX Warning: Float too large for page by 83.5461pt on input line 112.

[4] [5 </Users/Andy/Cruises_Research/OceanMixingGroup/cruises/ctd_chipod/FLEAT/
Figures/FLEAT_timeoffsets_all.png (PNG copy)>]

LaTeX Warning: File `SNSN2014_001_Fig1_RawChipodTS.png' not found on input line
 119.


./Chipod_Notes_FLEAT.tex:119: Package pdftex.def Error: File `SNSN2014_001_Fig1
_RawChipodTS.png' not found.

See the pdftex.def package documentation for explanation.
Type  H <return>  for immediate help.
 ...                                              
                                                  
l.119 ...e=0.7]{SNSN2014_001_Fig1_RawChipodTS.png}
                                                  
Using draft setting for this image.
Try typing  <return>  to proceed.
If that doesn't work, type  X <return>  to quit.


LaTeX Warning: File `SNSN2002_001_Fig1_RawChipodTS.png' not found on input line
 125.


./Chipod_Notes_FLEAT.tex:125: Package pdftex.def Error: File `SNSN2002_001_Fig1
_RawChipodTS.png' not found.

See the pdftex.def package documentation for explanation.
Type  H <return>  for immediate help.
 ...                                              
                                                  
l.125 ...e=0.7]{SNSN2002_001_Fig1_RawChipodTS.png}
                                                  
Using draft setting for this image.
Try typing  <return>  to proceed.
If that doesn't work, type  X <return>  to quit.


LaTeX Warning: File `SNSN1013_001_Fig1_RawChipodTS.png' not found on input line
 131.


./Chipod_Notes_FLEAT.tex:131: Package pdftex.def Error: File `SNSN1013_001_Fig1
_RawChipodTS.png' not found.

See the pdftex.def package documentation for explanation.
Type  H <return>  for immediate help.
 ...                                              
                                                  
l.131 ...e=0.7]{SNSN1013_001_Fig1_RawChipodTS.png}
                                                  
Using draft setting for this image.
Try typing  <return>  to proceed.
If that doesn't work, type  X <return>  to quit.

[6] [7]

Package hyperref Warning: Difference (2) between bookmark levels is greater 
(hyperref)                than one, level fixed on input line 142.


LaTeX Warning: File `FLEAT_ctd_t_s.png' not found on input line 144.


./Chipod_Notes_FLEAT.tex:144: Package pdftex.def Error: File `FLEAT_ctd_t_s.png
' not found.

See the pdftex.def package documentation for explanation.
Type  H <return>  for immediate help.
 ...                                              
                                                  
l.144 ...udegraphics[scale=0.7]{FLEAT_ctd_t_s.png}
                                                  
Using draft setting for this image.
Try typing  <return>  to proceed.
If that doesn't work, type  X <return>  to quit.

[8

]

LaTeX Warning: File `XC_SNSN2014_Vs_lat_AllVars.png' not found on input line 15
4.


./Chipod_Notes_FLEAT.tex:154: Package pdftex.def Error: File `XC_SNSN2014_Vs_la
t_AllVars.png' not found.

See the pdftex.def package documentation for explanation.
Type  H <return>  for immediate help.
 ...                                              
                                                  
l.154 ...cale=0.7]{XC_SNSN2014_Vs_lat_AllVars.png}
                                                  
Using draft setting for this image.
Try typing  <return>  to proceed.
If that doesn't work, type  X <return>  to quit.


LaTeX Warning: File `XC_SNSN2002_Vs_lat_AllVars.png' not found on input line 16
0.


./Chipod_Notes_FLEAT.tex:160: Package pdftex.def Error: File `XC_SNSN2002_Vs_la
t_AllVars.png' not found.

See the pdftex.def package documentation for explanation.
Type  H <return>  for immediate help.
 ...                                              
                                                  
l.160 ...cale=0.7]{XC_SNSN2002_Vs_lat_AllVars.png}
                                                  
Using draft setting for this image.
Try typing  <return>  to proceed.
If that doesn't work, type  X <return>  to quit.


LaTeX Warning: File `XC_SNSN1013_Vs_lat_AllVars.png' not found on input line 16
6.


./Chipod_Notes_FLEAT.tex:166: Package pdftex.def Error: File `XC_SNSN1013_Vs_la
t_AllVars.png' not found.

See the pdftex.def package documentation for explanation.
Type  H <return>  for immediate help.
 ...                                              
                                                  
l.166 ...cale=0.7]{XC_SNSN1013_Vs_lat_AllVars.png}
                                                  
Using draft setting for this image.
Try typing  <return>  to proceed.
If that doesn't work, type  X <return>  to quit.

[9

]
</Users/Andy/Cruises_Research/OceanMixingGroup/cruises/ctd_chipod/FLEAT/Figures
/FLEAT_chi_AllSNs_Vslat.png, id=123, 505.89pt x 614.295pt>
File: /Users/Andy/Cruises_Research/OceanMixingGroup/cruises/ctd_chipod/FLEAT/Fi
gures/FLEAT_chi_AllSNs_Vslat.png Graphic file (type png)

<use /Users/Andy/Cruises_Research/OceanMixingGroup/cruises/ctd_chipod/FLEAT/Fig
ures/FLEAT_chi_AllSNs_Vslat.png>
Package pdftex.def Info: /Users/Andy/Cruises_Research/OceanMixingGroup/cruises/
ctd_chipod/FLEAT/Figures/FLEAT_chi_AllSNs_Vslat.png used on input line 176.
(pdftex.def)             Requested size: 354.12057pt x 430.00356pt.

</Users/Andy/Cruises_Research/OceanMixingGroup/cruises/ctd_chipod/FLEAT/Figures
/FLEAT_KT_AllSNs_Vslat.png, id=124, 505.89pt x 614.295pt>
File: /Users/Andy/Cruises_Research/OceanMixingGroup/cruises/ctd_chipod/FLEAT/Fi
gures/FLEAT_KT_AllSNs_Vslat.png Graphic file (type png)

<use /Users/Andy/Cruises_Research/OceanMixingGroup/cruises/ctd_chipod/FLEAT/Fig
ures/FLEAT_KT_AllSNs_Vslat.png>
Package pdftex.def Info: /Users/Andy/Cruises_Research/OceanMixingGroup/cruises/
ctd_chipod/FLEAT/Figures/FLEAT_KT_AllSNs_Vslat.png used on input line 182.
(pdftex.def)             Requested size: 354.12057pt x 430.00356pt.
Package atveryend Info: Empty hook `BeforeClearDocument' on input line 187.
 [10

] [11 </Users/Andy/Cruises_Research/OceanMixingGroup/cruises/ctd_chipod/FLEAT/F
igures/FLEAT_chi_AllSNs_Vslat.png (PNG copy)>] [12 </Users/Andy/Cruises_Researc
h/OceanMixingGroup/cruises/ctd_chipod/FLEAT/Figures/FLEAT_KT_AllSNs_Vslat.png (
PNG copy)>]
Package atveryend Info: Empty hook `AfterLastShipout' on input line 187.
 (./Chipod_Notes_FLEAT.aux)
Package atveryend Info: Executing hook `AtVeryEndDocument' on input line 187.
Package atveryend Info: Executing hook `AtEndAfterFileList' on input line 187.
Package rerunfilecheck Info: File `Chipod_Notes_FLEAT.out' has not changed.
(rerunfilecheck)             Checksum: 3C5864E243E3DA1B396802D99931371A;764.


LaTeX Warning: There were multiply-defined labels.

Package atveryend Info: Empty hook `AtVeryVeryEnd' on input line 187.
 ) 
Here is how much of TeX's memory you used:
 6815 strings out of 493315
 99665 string characters out of 6137904
 189940 words of memory out of 5000000
 10128 multiletter control sequences out of 15000+600000
 11520 words of font info for 44 fonts, out of 8000000 for 9000
 957 hyphenation exceptions out of 8191
 42i,6n,28p,333b,328s stack positions out of 5000i,500n,10000p,200000b,80000s
</usr/local/texlive/2013/texmf-dist/fonts/type1/public/amsfonts/cm/cmbx10.pfb
></usr/local/texlive/2013/texmf-dist/fonts/type1/public/amsfonts/cm/cmbx12.pfb>
</usr/local/texlive/2013/texmf-dist/fonts/type1/public/amsfonts/cm/cmmi10.pfb><
/usr/local/texlive/2013/texmf-dist/fonts/type1/public/amsfonts/cm/cmmi8.pfb></u
sr/local/texlive/2013/texmf-dist/fonts/type1/public/amsfonts/cm/cmr10.pfb></usr
/local/texlive/2013/texmf-dist/fonts/type1/public/amsfonts/cm/cmr12.pfb></usr/l
ocal/texlive/2013/texmf-dist/fonts/type1/public/amsfonts/cm/cmr17.pfb></usr/loc
al/texlive/2013/texmf-dist/fonts/type1/public/amsfonts/cm/cmsy10.pfb></usr/loca
l/texlive/2013/texmf-dist/fonts/type1/public/amsfonts/cm/cmtt10.pfb>
Output written on Chipod_Notes_FLEAT.pdf (12 pages, 348048 bytes).
PDF statistics:
 182 PDF objects out of 1000 (max. 8388607)
 154 compressed objects within 2 object streams
 38 named destinations out of 1000 (max. 500000)
 112 words of extra memory for PDF output out of 10000 (max. 10000000)

